<?xml version="1.0" encoding="UTF-8"?>
<testsuite xmlns:xsi="http://www.w3.org/2001/XMLSchema-instance" xsi:noNamespaceSchemaLocation="https://maven.apache.org/surefire/maven-surefire-plugin/xsd/surefire-test-report-3.0.xsd" version="3.0" name="com.example.demo.TestApplicationTests" time="6.626" tests="1" errors="0" skipped="0" failures="0">
  <properties>
[...]
</properties>
  <testcase name="contextLoads" classname="com.example.demo.TestApplicationTests" time="0.952">
    <system-out><![CDATA[11:01:46.599 [main] INFO org.springframework.test.context.support.AnnotationConfigContextLoaderUtils -- Could not detect default configuration classes for test class [com.example.demo.TestApplicationTests]: TestApplicationTests does not declare any static, non-private, non-final, nested classes annotated with @Configuration.
11:01:46.766 [main] INFO org.springframework.boot.test.context.SpringBootTestContextBootstrapper -- Found @SpringBootConfiguration com.example.demo.TestApplication for test class com.example.demo.TestApplicationTests

  .   ____          _            __ _ _
 /\\ / ___'_ __ _ _(_)_ __  __ _ \ \ \ \
( ( )\___ | '_ | '_| | '_ \/ _` | \ \ \ \
 \\/  ___)| |_)| | | | | || (_| |  ) ) ) )
  '  |____| .__|_| |_|_| |_\__, | / / / /
 =========|_|==============|___/=/_/_/_/
 :: Spring Boot ::                (v3.1.1)

2024-04-20T11:01:47.377+09:00  INFO 18740 --- [           main] com.example.demo.TestApplicationTests    : Starting TestApplicationTests using Java 20.0.2 with PID 18740 (started by ootomonaiso.tubu in C:\pleiades\2022-12\workspace\test)
2024-04-20T11:01:47.380+09:00  INFO 18740 --- [           main] com.example.demo.TestApplicationTests    : No active profile set, falling back to 1 default profile: "default"
2024-04-20T11:01:48.321+09:00  INFO 18740 --- [           main] .s.d.r.c.RepositoryConfigurationDelegate : Bootstrapping Spring Data JPA repositories in DEFAULT mode.
2024-04-20T11:01:48.356+09:00  INFO 18740 --- [           main] .s.d.r.c.RepositoryConfigurationDelegate : Finished Spring Data repository scanning in 20 ms. Found 0 JPA repository interfaces.
2024-04-20T11:01:49.200+09:00  INFO 18740 --- [           main] o.hibernate.jpa.internal.util.LogHelper  : HHH000204: Processing PersistenceUnitInfo [name: default]
2024-04-20T11:01:49.284+09:00  INFO 18740 --- [           main] org.hibernate.Version                    : HHH000412: Hibernate ORM core version 6.2.5.Final
2024-04-20T11:01:49.286+09:00  INFO 18740 --- [           main] org.hibernate.cfg.Environment            : HHH000406: Using bytecode reflection optimizer
2024-04-20T11:01:49.520+09:00  INFO 18740 --- [           main] o.h.b.i.BytecodeProviderInitiator        : HHH000021: Bytecode provider name : bytebuddy
2024-04-20T11:01:49.724+09:00  INFO 18740 --- [           main] o.s.o.j.p.SpringPersistenceUnitInfo      : No LoadTimeWeaver setup: ignoring JPA class transformer
2024-04-20T11:01:49.752+09:00  INFO 18740 --- [           main] com.zaxxer.hikari.HikariDataSource       : HikariPool-1 - Starting...
2024-04-20T11:01:50.239+09:00  INFO 18740 --- [           main] com.zaxxer.hikari.pool.HikariPool        : HikariPool-1 - Added connection com.mysql.cj.jdbc.ConnectionImpl@7c4d1c7b
2024-04-20T11:01:50.242+09:00  INFO 18740 --- [           main] com.zaxxer.hikari.HikariDataSource       : HikariPool-1 - Start completed.
2024-04-20T11:01:50.484+09:00  INFO 18740 --- [           main] o.h.b.i.BytecodeProviderInitiator        : HHH000021: Bytecode provider name : bytebuddy
2024-04-20T11:01:50.765+09:00  INFO 18740 --- [           main] o.h.e.t.j.p.i.JtaPlatformInitiator       : HHH000490: Using JtaPlatform implementation: [org.hibernate.engine.transaction.jta.platform.internal.NoJtaPlatform]
2024-04-20T11:01:50.773+09:00  INFO 18740 --- [           main] j.LocalContainerEntityManagerFactoryBean : Initialized JPA EntityManagerFactory for persistence unit 'default'
2024-04-20T11:01:50.887+09:00  WARN 18740 --- [           main] JpaBaseConfiguration$JpaWebConfiguration : spring.jpa.open-in-view is enabled by default. Therefore, database queries may be performed during view rendering. Explicitly configure spring.jpa.open-in-view to disable this warning
2024-04-20T11:01:50.933+09:00  WARN 18740 --- [           main] .s.s.UserDetailsServiceAutoConfiguration : 

Using generated security password: f310c7a5-9ee3-455e-8bca-e9a70c01e5db

This generated password is for development use only. Your security configuration must be updated before running your application in production.

2024-04-20T11:01:51.426+09:00  INFO 18740 --- [           main] o.s.s.web.DefaultSecurityFilterChain     : Will secure any request with [org.springframework.security.web.session.DisableEncodeUrlFilter@1a77eb6, org.springframework.security.web.context.request.async.WebAsyncManagerIntegrationFilter@52d9f36b, org.springframework.security.web.context.SecurityContextHolderFilter@40aad17d, org.springframework.security.web.header.HeaderWriterFilter@523ade68, org.springframework.security.web.csrf.CsrfFilter@f08f8a9, org.springframework.security.web.authentication.logout.LogoutFilter@4738131e, org.springframework.security.web.savedrequest.RequestCacheAwareFilter@5bc14211, org.springframework.security.web.servletapi.SecurityContextHolderAwareRequestFilter@4b99648a, org.springframework.security.web.authentication.AnonymousAuthenticationFilter@5f9ebd5a, org.springframework.security.web.access.ExceptionTranslationFilter@539dd2d0, org.springframework.security.web.access.intercept.AuthorizationFilter@c6bf8d9]
2024-04-20T11:01:51.973+09:00  INFO 18740 --- [           main] com.example.demo.TestApplicationTests    : Started TestApplicationTests in 5.006 seconds (process running for 6.52)
]]></system-out>
  </testcase>
</testsuite>